<?xml version="1.0" encoding="UTF-8"?>
<!-- Generated by org.testng.reporters.JUnitXMLReporter -->
<testsuite ignored="0" hostname="Fatais-MacBook-Pro.local" failures="1" tests="1" name="Default test" time="24.455" errors="0" timestamp="2024-06-01T17:14:26 WAT">
  <testcase classname="Fatai.AppiumBasics" name="AppiumTest" time="24.39">
    <failure type="org.openqa.selenium.SessionNotCreatedException" message="Could not start a new session. Response code 500. Message: An unknown server-side error occurred while processing the command. Original error: Cannot start the &amp;apos;com.ls.arabic&amp;apos; application. Consider checking the driver&amp;apos;s troubleshooting documentation. Original error: &amp;apos;com.ls.arabic.HomeActivity&amp;apos; or &amp;apos;com.ls.arabic.com.ls.arabic.HomeActivity&amp;apos; never started. Consider checking the driver&amp;apos;s troubleshooting documentation. 
Host info: host: &amp;apos;Fatais-MacBook-Pro.local&amp;apos;, ip: &amp;apos;fe80:0:0:0:4d4:e8bc:6aba:1ec9%en0&amp;apos;
Build info: version: &amp;apos;4.21.0&amp;apos;, revision: &amp;apos;79ed462ef4&amp;apos;
System info: os.name: &amp;apos;Mac OS X&amp;apos;, os.arch: &amp;apos;x86_64&amp;apos;, os.version: &amp;apos;14.5&amp;apos;, java.version: &amp;apos;17.0.7&amp;apos;
Driver info: io.appium.java_client.android.AndroidDriver
Command: [null, newSession {desiredCapabilities=Capabilities {appium:app: //Users//proffatai//Documen..., appium:automationName: UIAutomator2, appium:deviceName: API DEMOS, platformName: ANDROID}, capabilities=[{appium:app=//Users//proffatai//Documents//Appium projects//AppiumProject//src//resources//dua-and-azkar.apk, platformName=ANDROID, appium:automationName=UIAutomator2, appium:deviceName=API DEMOS}]}]
Capabilities {appium:app: //Users//proffatai//Documen..., appium:automationName: UIAutomator2, appium:deviceName: API DEMOS, platformName: ANDROID}">
      <![CDATA[org.openqa.selenium.SessionNotCreatedException: Could not start a new session. Response code 500. Message: An unknown server-side error occurred while processing the command. Original error: Cannot start the 'com.ls.arabic' application. Consider checking the driver's troubleshooting documentation. Original error: 'com.ls.arabic.HomeActivity' or 'com.ls.arabic.com.ls.arabic.HomeActivity' never started. Consider checking the driver's troubleshooting documentation. 
Host info: host: 'Fatais-MacBook-Pro.local', ip: 'fe80:0:0:0:4d4:e8bc:6aba:1ec9%en0'
Build info: version: '4.21.0', revision: '79ed462ef4'
System info: os.name: 'Mac OS X', os.arch: 'x86_64', os.version: '14.5', java.version: '17.0.7'
Driver info: io.appium.java_client.android.AndroidDriver
Command: [null, newSession {desiredCapabilities=Capabilities {appium:app: //Users//proffatai//Documen..., appium:automationName: UIAutomator2, appium:deviceName: API DEMOS, platformName: ANDROID}, capabilities=[{appium:app=//Users//proffatai//Documents//Appium projects//AppiumProject//src//resources//dua-and-azkar.apk, platformName=ANDROID, appium:automationName=UIAutomator2, appium:deviceName=API DEMOS}]}]
Capabilities {appium:app: //Users//proffatai//Documen..., appium:automationName: UIAutomator2, appium:deviceName: API DEMOS, platformName: ANDROID}
at org.openqa.selenium.remote.ProtocolHandshake.createSession(ProtocolHandshake.java:114)
at java.base/jdk.internal.reflect.NativeMethodAccessorImpl.invoke0(Native Method)
at java.base/jdk.internal.reflect.NativeMethodAccessorImpl.invoke(NativeMethodAccessorImpl.java:77)
at java.base/jdk.internal.reflect.DelegatingMethodAccessorImpl.invoke(DelegatingMethodAccessorImpl.java:43)
at java.base/java.lang.reflect.Method.invoke(Method.java:568)
at io.appium.java_client.remote.AppiumProtocolHandshake.createSession(AppiumProtocolHandshake.java:116)
at io.appium.java_client.remote.AppiumProtocolHandshake.createSession(AppiumProtocolHandshake.java:96)
at io.appium.java_client.remote.AppiumCommandExecutor.createSession(AppiumCommandExecutor.java:176)
at io.appium.java_client.remote.AppiumCommandExecutor.execute(AppiumCommandExecutor.java:237)
at org.openqa.selenium.remote.RemoteWebDriver.execute(RemoteWebDriver.java:518)
at io.appium.java_client.AppiumDriver.startSession(AppiumDriver.java:268)
at org.openqa.selenium.remote.RemoteWebDriver.<init>(RemoteWebDriver.java:161)
at io.appium.java_client.AppiumDriver.<init>(AppiumDriver.java:90)
at io.appium.java_client.AppiumDriver.<init>(AppiumDriver.java:102)
at io.appium.java_client.android.AndroidDriver.<init>(AndroidDriver.java:109)
at Fatai.AppiumBasics.AppiumTest(AppiumBasics.java:24)
at java.base/jdk.internal.reflect.NativeMethodAccessorImpl.invoke0(Native Method)
at java.base/jdk.internal.reflect.NativeMethodAccessorImpl.invoke(NativeMethodAccessorImpl.java:77)
at java.base/jdk.internal.reflect.DelegatingMethodAccessorImpl.invoke(DelegatingMethodAccessorImpl.java:43)
at java.base/java.lang.reflect.Method.invoke(Method.java:568)
at org.testng.internal.invokers.MethodInvocationHelper.invokeMethod(MethodInvocationHelper.java:139)
at org.testng.internal.invokers.TestInvoker.invokeMethod(TestInvoker.java:664)
at org.testng.internal.invokers.TestInvoker.invokeTestMethod(TestInvoker.java:227)
at org.testng.internal.invokers.MethodRunner.runInSequence(MethodRunner.java:50)
at org.testng.internal.invokers.TestInvoker$MethodInvocationAgent.invoke(TestInvoker.java:957)
at org.testng.internal.invokers.TestInvoker.invokeTestMethods(TestInvoker.java:200)
at org.testng.internal.invokers.TestMethodWorker.invokeTestMethods(TestMethodWorker.java:148)
at org.testng.internal.invokers.TestMethodWorker.run(TestMethodWorker.java:128)
at java.base/java.util.ArrayList.forEach(ArrayList.java:1511)
at org.testng.TestRunner.privateRun(TestRunner.java:848)
at org.testng.TestRunner.run(TestRunner.java:621)
at org.testng.SuiteRunner.runTest(SuiteRunner.java:443)
at org.testng.SuiteRunner.runSequentially(SuiteRunner.java:437)
at org.testng.SuiteRunner.privateRun(SuiteRunner.java:397)
at org.testng.SuiteRunner.run(SuiteRunner.java:336)
at org.testng.SuiteRunnerWorker.runSuite(SuiteRunnerWorker.java:52)
at org.testng.SuiteRunnerWorker.run(SuiteRunnerWorker.java:95)
at org.testng.TestNG.runSuitesSequentially(TestNG.java:1280)
at org.testng.TestNG.runSuitesLocally(TestNG.java:1200)
at org.testng.TestNG.runSuites(TestNG.java:1114)
at org.testng.TestNG.run(TestNG.java:1082)
at org.testng.remote.AbstractRemoteTestNG.run(AbstractRemoteTestNG.java:115)
at org.testng.remote.RemoteTestNG.initAndRun(RemoteTestNG.java:251)
at org.testng.remote.RemoteTestNG.main(RemoteTestNG.java:77)
]]>
    </failure>
  </testcase> <!-- AppiumTest -->
</testsuite> <!-- Default test -->
