<?xml version="1.0" encoding="UTF-8"?>
<testng-results ignored="0" total="1" passed="1" failed="0" skipped="0">
  <reporter-output>
  </reporter-output>
  <suite started-at="2024-06-09T17:10:03 WAT" name="Default suite" finished-at="2024-06-09T17:10:22 WAT" duration-ms="19215">
    <groups>
    </groups>
    <test started-at="2024-06-09T17:10:03 WAT" name="Default test" finished-at="2024-06-09T17:10:22 WAT" duration-ms="19215">
      <class name="testCases.accessingDifferentMenus">
        <test-method is-config="true" signature="AppiumSetup()[pri:0, instance:testCases.accessingDifferentMenus@4d5650ae]" started-at="2024-06-09T17:10:03 WAT" name="AppiumSetup" finished-at="2024-06-09T17:10:10 WAT" duration-ms="6754" status="PASS">
          <reporter-output>
          </reporter-output>
        </test-method> <!-- AppiumSetup -->
        <test-method signature="AccessingMenus()[pri:1, instance:testCases.accessingDifferentMenus@4d5650ae]" started-at="2024-06-09T17:10:10 WAT" name="AccessingMenus" finished-at="2024-06-09T17:10:22 WAT" duration-ms="12125" status="PASS">
          <reporter-output>
          </reporter-output>
        </test-method> <!-- AccessingMenus -->
        <test-method is-config="true" signature="TearDown()[pri:0, instance:testCases.accessingDifferentMenus@4d5650ae]" started-at="2024-06-09T17:10:22 WAT" name="TearDown" finished-at="2024-06-09T17:10:22 WAT" duration-ms="254" status="PASS">
          <reporter-output>
          </reporter-output>
        </test-method> <!-- TearDown -->
      </class> <!-- testCases.accessingDifferentMenus -->
    </test> <!-- Default test -->
  </suite> <!-- Default suite -->
</testng-results>
